<?xml version="1.0" encoding="UTF-8"?>
<!-- Generated by org.testng.reporters.JUnitReportReporter -->
<testsuite skipped="3" hostname="EKT1607108" name="test.Tests" tests="4" failures="0" timestamp="31 oct 2019 19:29:19 GMT" time="31.178" errors="0">
  <testcase name="loginIncorrecto" time="31.178" classname="test.Tests"/>
  <testcase name="pruebaCantidadDeCampos" classname="test.Tests">
    <skipped/>
  </testcase> <!-- pruebaCantidadDeCampos -->
  <testcase name="loginCorrecto" classname="test.Tests">
    <skipped/>
  </testcase> <!-- loginCorrecto -->
  <testcase name="seleccionCombos" classname="test.Tests">
    <skipped/>
  </testcase> <!-- seleccionCombos -->
</testsuite> <!-- test.Tests -->
